  main.cpp
C:\Users\Feleciano\source\repos\opengl1\opengl1\Shader.h(56,35): warning C4101: 'e': unreferenced local variable
C:\Users\Feleciano\source\repos\opengl1\opengl1\main.cpp(233,22): warning C4244: 'initializing': conversion from 'double' to 'float', possible loss of data
C:\Users\Feleciano\source\repos\opengl1\opengl1\main.cpp(244,43): warning C4244: 'argument': conversion from 'T' to 'GLint', possible loss of data
C:\Users\Feleciano\source\repos\opengl1\opengl1\main.cpp(244,43): warning C4244:         with
C:\Users\Feleciano\source\repos\opengl1\opengl1\main.cpp(244,43): warning C4244:         [
C:\Users\Feleciano\source\repos\opengl1\opengl1\main.cpp(244,43): warning C4244:             T=float
C:\Users\Feleciano\source\repos\opengl1\opengl1\main.cpp(244,43): warning C4244:         ]
C:\Users\Feleciano\source\repos\opengl1\opengl1\main.cpp(244,27): warning C4244: 'argument': conversion from 'T' to 'GLint', possible loss of data
C:\Users\Feleciano\source\repos\opengl1\opengl1\main.cpp(244,27): warning C4244:         with
C:\Users\Feleciano\source\repos\opengl1\opengl1\main.cpp(244,27): warning C4244:         [
C:\Users\Feleciano\source\repos\opengl1\opengl1\main.cpp(244,27): warning C4244:             T=float
C:\Users\Feleciano\source\repos\opengl1\opengl1\main.cpp(244,27): warning C4244:         ]
C:\Users\Feleciano\source\repos\opengl1\opengl1\main.cpp(253,43): warning C4244: 'argument': conversion from 'T' to 'GLint', possible loss of data
C:\Users\Feleciano\source\repos\opengl1\opengl1\main.cpp(253,43): warning C4244:         with
C:\Users\Feleciano\source\repos\opengl1\opengl1\main.cpp(253,43): warning C4244:         [
C:\Users\Feleciano\source\repos\opengl1\opengl1\main.cpp(253,43): warning C4244:             T=float
C:\Users\Feleciano\source\repos\opengl1\opengl1\main.cpp(253,43): warning C4244:         ]
C:\Users\Feleciano\source\repos\opengl1\opengl1\main.cpp(253,27): warning C4244: 'argument': conversion from 'T' to 'GLint', possible loss of data
C:\Users\Feleciano\source\repos\opengl1\opengl1\main.cpp(253,27): warning C4244:         with
C:\Users\Feleciano\source\repos\opengl1\opengl1\main.cpp(253,27): warning C4244:         [
C:\Users\Feleciano\source\repos\opengl1\opengl1\main.cpp(253,27): warning C4244:             T=float
C:\Users\Feleciano\source\repos\opengl1\opengl1\main.cpp(253,27): warning C4244:         ]
C:\Users\Feleciano\source\repos\opengl1\opengl1\main.cpp(262,43): warning C4244: 'argument': conversion from 'T' to 'GLint', possible loss of data
C:\Users\Feleciano\source\repos\opengl1\opengl1\main.cpp(262,43): warning C4244:         with
C:\Users\Feleciano\source\repos\opengl1\opengl1\main.cpp(262,43): warning C4244:         [
C:\Users\Feleciano\source\repos\opengl1\opengl1\main.cpp(262,43): warning C4244:             T=float
C:\Users\Feleciano\source\repos\opengl1\opengl1\main.cpp(262,43): warning C4244:         ]
C:\Users\Feleciano\source\repos\opengl1\opengl1\main.cpp(262,27): warning C4244: 'argument': conversion from 'T' to 'GLint', possible loss of data
C:\Users\Feleciano\source\repos\opengl1\opengl1\main.cpp(262,27): warning C4244:         with
C:\Users\Feleciano\source\repos\opengl1\opengl1\main.cpp(262,27): warning C4244:         [
C:\Users\Feleciano\source\repos\opengl1\opengl1\main.cpp(262,27): warning C4244:             T=float
C:\Users\Feleciano\source\repos\opengl1\opengl1\main.cpp(262,27): warning C4244:         ]
C:\Users\Feleciano\source\repos\opengl1\opengl1\main.cpp(271,43): warning C4244: 'argument': conversion from 'T' to 'GLint', possible loss of data
C:\Users\Feleciano\source\repos\opengl1\opengl1\main.cpp(271,43): warning C4244:         with
C:\Users\Feleciano\source\repos\opengl1\opengl1\main.cpp(271,43): warning C4244:         [
C:\Users\Feleciano\source\repos\opengl1\opengl1\main.cpp(271,43): warning C4244:             T=float
C:\Users\Feleciano\source\repos\opengl1\opengl1\main.cpp(271,43): warning C4244:         ]
C:\Users\Feleciano\source\repos\opengl1\opengl1\main.cpp(271,27): warning C4244: 'argument': conversion from 'T' to 'GLint', possible loss of data
C:\Users\Feleciano\source\repos\opengl1\opengl1\main.cpp(271,27): warning C4244:         with
C:\Users\Feleciano\source\repos\opengl1\opengl1\main.cpp(271,27): warning C4244:         [
C:\Users\Feleciano\source\repos\opengl1\opengl1\main.cpp(271,27): warning C4244:             T=float
C:\Users\Feleciano\source\repos\opengl1\opengl1\main.cpp(271,27): warning C4244:         ]
C:\Users\Feleciano\source\repos\opengl1\opengl1\main.cpp(363,11): warning C4244: '=': conversion from 'double' to 'float', possible loss of data
C:\Users\Feleciano\source\repos\opengl1\opengl1\main.cpp(364,11): warning C4244: '=': conversion from 'double' to 'float', possible loss of data
C:\Users\Feleciano\source\repos\opengl1\opengl1\main.cpp(368,16): warning C4244: 'initializing': conversion from 'double' to 'float', possible loss of data
C:\Users\Feleciano\source\repos\opengl1\opengl1\main.cpp(369,16): warning C4244: 'initializing': conversion from 'double' to 'float', possible loss of data
C:\Users\Feleciano\source\repos\opengl1\opengl1\main.cpp(371,10): warning C4244: '=': conversion from 'double' to 'float', possible loss of data
C:\Users\Feleciano\source\repos\opengl1\opengl1\main.cpp(372,10): warning C4244: '=': conversion from 'double' to 'float', possible loss of data
C:\Users\Feleciano\source\repos\opengl1\opengl1\main.cpp(381,28): warning C4244: 'argument': conversion from 'double' to 'float', possible loss of data
  opengl1.vcxproj -> C:\Users\Feleciano\source\repos\opengl1\x64\Debug\opengl1.exe
